2025-07-21 05:23:54,124 [INFO] healthcare_app: Request: <rest_framework.request.Request: POST '/api/documents/process/'>
2025-07-21 05:23:54,126 [INFO] healthcare_app: File: invoice_test.jpg
2025-07-21 05:24:39,269 [INFO] healthcare_app: Request: <rest_framework.request.Request: POST '/api/documents/process/'>
2025-07-21 05:24:39,273 [INFO] healthcare_app: File: invoice_test.jpg
2025-07-21 05:25:38,677 [INFO] healthcare_app: Request: <rest_framework.request.Request: POST '/api/documents/process/'>
2025-07-21 05:25:38,688 [INFO] healthcare_app: File: 86254149_4150.jpg
2025-07-21 05:44:50,006 [INFO] healthcare_app: Request: <rest_framework.request.Request: POST '/api/documents/process/'>
2025-07-21 05:44:50,008 [INFO] healthcare_app: File: invoice_test.jpg
2025-07-21 05:44:50,011 [ERROR] healthcare_app: Error processing document: [Errno 21] Is a directory: '/app/credentials/google_credentials.json'
2025-07-21 06:51:09,796 [INFO] healthcare_app: Request: <rest_framework.request.Request: POST '/api/documents/process/'>
2025-07-21 06:51:09,798 [INFO] healthcare_app: File: invoice_test.jpg
2025-07-21 06:51:42,716 [INFO] healthcare_app: Request: <rest_framework.request.Request: POST '/api/documents/process/'>
2025-07-21 06:51:42,717 [INFO] healthcare_app: File: invoice_test.jpg
2025-07-21 06:51:49,406 [INFO] healthcare_app: Request: <rest_framework.request.Request: POST '/api/documents/process/'>
2025-07-21 06:51:49,409 [INFO] healthcare_app: File: invoice_test.jpg
2025-07-22 18:10:47,051 [INFO] healthcare_app: Request: <rest_framework.request.Request: POST '/api/documents/process/'>
2025-07-22 18:10:47,056 [INFO] healthcare_app: File: invoice_test.jpg
2025-07-22 18:11:34,207 [INFO] healthcare_app: Request: <rest_framework.request.Request: POST '/api/documents/process/'>
2025-07-22 18:11:34,208 [INFO] healthcare_app: File: invoice_test.jpg
2025-07-22 21:10:24,559 [INFO] healthcare_app: Request: <rest_framework.request.Request: POST '/api/documents/process/'>
2025-07-22 21:10:24,564 [INFO] healthcare_app: File: invoice_test.jpg
2025-07-22 21:10:42,561 [INFO] healthcare_app: Request: <rest_framework.request.Request: POST '/api/documents/process/'>
2025-07-22 21:10:42,562 [INFO] healthcare_app: File: invoice_test.jpg
2025-07-22 21:10:52,724 [INFO] healthcare_app: Request: <rest_framework.request.Request: POST '/api/documents/process/'>
2025-07-22 21:10:52,728 [INFO] healthcare_app: File: 91515307.jpg
2025-07-22 21:11:03,903 [INFO] healthcare_app: Request: <rest_framework.request.Request: POST '/api/documents/process/'>
2025-07-22 21:11:03,905 [INFO] healthcare_app: File: 91515307.jpg
2025-07-22 21:11:16,955 [INFO] healthcare_app: Request: <rest_framework.request.Request: POST '/api/documents/process/'>
2025-07-22 21:11:16,958 [INFO] healthcare_app: File: ocr_teste.jpg
2025-07-22 21:11:20,173 [ERROR] healthcare_app: Error processing document: 'entity'
2025-07-22 21:11:30,853 [INFO] healthcare_app: Request: <rest_framework.request.Request: POST '/api/documents/process/'>
2025-07-22 21:11:30,854 [INFO] healthcare_app: File: invoice_test.jpg
